The system is: Windows - 10.0.19044 - AMD64
Compiling the CXX compiler identification source file "CMakeCXXCompilerId.cpp" succeeded.
Compiler: C:/Program Files/Microsoft Visual Studio/2022/Community/VC/Tools/MSVC/14.33.31629/bin/Hostx86/x86/cl.exe 
Build flags: 
Id flags:  

The output was:
0
Compilador de optimización de C/C++ de Microsoft (R) versión 19.33.31630 para x86
(C) Microsoft Corporation. Todos los derechos reservados.

CMakeCXXCompilerId.cpp
Microsoft (R) Incremental Linker Version 14.33.31630.0
Copyright (C) Microsoft Corporation.  All rights reserved.

/out:CMakeCXXCompilerId.exe 
CMakeCXXCompilerId.obj 


Compilation of the CXX compiler identification source "CMakeCXXCompilerId.cpp" produced "CMakeCXXCompilerId.exe"

Compilation of the CXX compiler identification source "CMakeCXXCompilerId.cpp" produced "CMakeCXXCompilerId.obj"

The CXX compiler identification is MSVC, found in "C:/RaspPico/Final-Script/build/pioasm/CMakeFiles/3.24.2/CompilerIdCXX/CMakeCXXCompilerId.exe"

Detecting CXX compiler ABI info compiled with the following output:
Change Dir: C:/RaspPico/Final-Script/build/pioasm/CMakeFiles/CMakeTmp

Run Build Command(s):nmake -f Makefile /nologo cmTC_8312b\fast && 	"C:\Program Files\Microsoft Visual Studio\2022\Community\VC\Tools\MSVC\14.33.31629\bin\HostX86\x86\nmake.exe"  -f CMakeFiles\cmTC_8312b.dir\build.make /nologo -L                  CMakeFiles\cmTC_8312b.dir\build
Building CXX object CMakeFiles/cmTC_8312b.dir/CMakeCXXCompilerABI.cpp.obj
	"D:\Program Files\CMake\bin\cmake.exe" -E cmake_cl_compile_depends --dep-file=CMakeFiles\cmTC_8312b.dir\CMakeCXXCompilerABI.cpp.obj.d --working-dir=C:\RaspPico\Final-Script\build\pioasm\CMakeFiles\CMakeTmp --filter-prefix="Nota: inclusi¾n del archivo: " -- C:\PROGRA~1\MICROS~3\2022\COMMUN~1\VC\Tools\MSVC\1433~1.316\bin\Hostx86\x86\cl.exe @C:\Users\u1803\AppData\Local\Temp\nmB2A6.tmp
CMakeCXXCompilerABI.cpp
Linking CXX executable cmTC_8312b.exe
	"D:\Program Files\CMake\bin\cmake.exe" -E vs_link_exe --intdir=CMakeFiles\cmTC_8312b.dir --rc=C:\PROGRA~2\WI3CF2~1\10\bin\100190~1.0\x86\rc.exe --mt=C:\PROGRA~2\WI3CF2~1\10\bin\100190~1.0\x86\mt.exe --manifests -- C:\PROGRA~1\MICROS~3\2022\COMMUN~1\VC\Tools\MSVC\1433~1.316\bin\Hostx86\x86\link.exe /nologo @CMakeFiles\cmTC_8312b.dir\objects1.rsp @C:\Users\u1803\AppData\Local\Temp\nmB4BB.tmp



